Lunar
LA69999
Y^tot(Na)=0.00007, Y^i(Na)=0.000038
Y^tot(Mg)=0.00044, Y^i(Mg)=0.000036
Y^tot(Al)=0.00255, Y^i(Al)=0.000119
Y^tot(Si)=0.00575, Y^i(Si)=0.000058
Y^tot(K)=0.00001, Y^i(K)=0.000025
Y^tot(Ca)=0.00080, Y^i(Ca)=0.000074
Y^tot(Ti)=0.00029, Y^i(Ti)=0.000011
Y^tot(Mn)=0.00011, Y^i(Mn)=0.000008
Y^tot(Fe)=0.00223, Y^i(Fe)=0.000042
Y^tot(O)=0.02422, Y^i(O)=0.000002
Y^tot(LA69999)=0.0365, Y^i_(LA69999)=0.000414
LS65901
Y^tot(Na)=0.00005, Y^i(Na)=0.000028
Y^tot(Mg)=0.00072, Y^i(Mg)=0.000060
Y^tot(Al)=0.00321, Y^i(Al)=0.000150
Y^tot(Si)=0.00633, Y^i(Si)=0.000063
Y^tot(K)=0.00001, Y^i(K)=0.000016
Y^tot(Ca)=0.00181, Y^i(Ca)=0.000168
Y^tot(Ti)=0.00005, Y^i(Ti)=0.000002
Y^tot(Mn)=0.00001, Y^i(Mn)=0.000000
Y^tot(Fe)=0.00106, Y^i(Fe)=0.000020
Y^tot(O)=0.02090, Y^i(O)=0.000002
Y^tot(LS65901)=0.0341, Y^i_(LS65901)=0.000510
LA10089
Y^tot(Na)=0.00027, Y^i(Na)=0.000138
Y^tot(Mg)=0.00141, Y^i(Mg)=0.000118
Y^tot(Al)=0.00283, Y^i(Al)=0.000132
Y^tot(Si)=0.00509, Y^i(Si)=0.000051
Y^tot(K)=0.00001, Y^i(K)=0.000023
Y^tot(Ca)=0.00179, Y^i(Ca)=0.000166
Y^tot(Ti)=0.00057, Y^i(Ti)=0.000022
Y^tot(Mn)=0.00010, Y^i(Mn)=0.000007
Y^tot(Fe)=0.00168, Y^i(Fe)=0.000032
Y^tot(O)=0.01994, Y^i(O)=0.000002
Y^tot(LA10089)=0.0337, Y^i_(LA10089)=0.000691
LA15999
Y^tot(Na)=0.00011, Y^i(Na)=0.000055
Y^tot(Mg)=0.00090, Y^i(Mg)=0.000075
Y^tot(Al)=0.00470, Y^i(Al)=0.000219
Y^tot(Si)=0.00510, Y^i(Si)=0.000051
Y^tot(K)=0.00001, Y^i(K)=0.000025
Y^tot(Ca)=0.00190, Y^i(Ca)=0.000177
Y^tot(Ti)=0.00007, Y^i(Ti)=0.000003
Y^tot(Mn)=0.00001, Y^i(Mn)=0.000001
Y^tot(Fe)=0.00069, Y^i(Fe)=0.000013
Y^tot(O)=0.02243, Y^i(O)=0.000002
Y^tot(LA15999)=0.0359, Y^i_(LA15999)=0.000622
LS62231
Y^tot(Na)=0.00007, Y^i(Na)=0.000036
Y^tot(Mg)=0.00025, Y^i(Mg)=0.000020
Y^tot(Al)=0.00337, Y^i(Al)=0.000157
Y^tot(Si)=0.00646, Y^i(Si)=0.000065
Y^tot(K)=0.00001, Y^i(K)=0.000025
Y^tot(Ca)=0.00109, Y^i(Ca)=0.000101
Y^tot(Ti)=0.00003, Y^i(Ti)=0.000001
Y^tot(Mn)=0.00001, Y^i(Mn)=0.000001
Y^tot(Fe)=0.00081, Y^i(Fe)=0.000015
Y^tot(O)=0.02301, Y^i(O)=0.000002
Y^tot(LS62231)=0.0351, Y^i_(LS62231)=0.000424
LS10084
Y^tot(Na)=0.00007, Y^i(Na)=0.000036
Y^tot(Mg)=0.00042, Y^i(Mg)=0.000035
Y^tot(Al)=0.00245, Y^i(Al)=0.000114
Y^tot(Si)=0.00553, Y^i(Si)=0.000055
Y^tot(K)=0.00001, Y^i(K)=0.000025
Y^tot(Ca)=0.00077, Y^i(Ca)=0.000072
Y^tot(Ti)=0.00028, Y^i(Ti)=0.000011
Y^tot(Mn)=0.00010, Y^i(Mn)=0.000007
Y^tot(Fe)=0.00214, Y^i(Fe)=0.000040
Y^tot(O)=0.02318, Y^i(O)=0.000002
Y^tot(LS10084)=0.0350, Y^i_(LS10084)=0.000398
Class Averages
Mg 5.7540023e-05 3.21199123388e-05
Al 0.000148701859692 3.50955904117e-05
Si 5.71138416667e-05 5.51807806407e-06
Ca 0.000126314516333 4.60788767487e-05
Fe 2.7130996575e-05 1.17961393018e-05
Mars
EETA79001B
Y^tot(Na)=0.00044, Y^i(Na)=0.000225
Y^tot(Mg)=0.00116, Y^i(Mg)=0.000097
Y^tot(Al)=0.00163, Y^i(Al)=0.000076
Y^tot(Si)=0.00589, Y^i(Si)=0.000059
Y^tot(Ca)=0.00149, Y^i(Ca)=0.000139
Y^tot(Ti)=0.00010, Y^i(Ti)=0.000004
Y^tot(Fe)=0.00179, Y^i(Fe)=0.000034
Y^tot(O)=0.01900, Y^i(O)=0.000002
Y^tot(EETA79001B)=0.0315, Y^i_(EETA79001B)=0.000635
Nakhla
Y^tot(Na)=0.00010, Y^i(Na)=0.000052
Y^tot(Mg)=0.00221, Y^i(Mg)=0.000184
Y^tot(Al)=0.00026, Y^i(Al)=0.000012
Y^tot(Si)=0.00599, Y^i(Si)=0.000060
Y^tot(Ca)=0.00206, Y^i(Ca)=0.000192
Y^tot(Ti)=0.00003, Y^i(Ti)=0.000001
Y^tot(Fe)=0.00218, Y^i(Fe)=0.000041
Y^tot(O)=0.01835, Y^i(O)=0.000002
Y^tot(Nakhla)=0.0312, Y^i_(Nakhla)=0.000544
Shergotty
Y^tot(Na)=0.00034, Y^i(Na)=0.000172
Y^tot(Mg)=0.00163, Y^i(Mg)=0.000136
Y^tot(Al)=0.00101, Y^i(Al)=0.000047
Y^tot(Si)=0.00611, Y^i(Si)=0.000061
Y^tot(Ca)=0.00132, Y^i(Ca)=0.000122
Y^tot(Ti)=0.00007, Y^i(Ti)=0.000003
Y^tot(Fe)=0.00198, Y^i(Fe)=0.000037
Y^tot(O)=0.01884, Y^i(O)=0.000002
Y^tot(Shergotty)=0.0313, Y^i_(Shergotty)=0.000581
EETA79001A
Y^tot(Na)=0.00021, Y^i(Na)=0.000106
Y^tot(Mg)=0.00287, Y^i(Mg)=0.000239
Y^tot(Al)=0.00086, Y^i(Al)=0.000040
Y^tot(Si)=0.00597, Y^i(Si)=0.000060
Y^tot(Ca)=0.00100, Y^i(Ca)=0.000093
Y^tot(Ti)=0.00007, Y^i(Ti)=0.000003
Y^tot(Fe)=0.00189, Y^i(Fe)=0.000036
Y^tot(O)=0.01888, Y^i(O)=0.000002
Y^tot(EETA79001A)=0.0317, Y^i_(EETA79001A)=0.000578
ALH84001
Y^tot(Na)=0.00004, Y^i(Na)=0.000018
Y^tot(Mg)=0.00447, Y^i(Mg)=0.000373
Y^tot(Al)=0.00020, Y^i(Al)=0.000009
Y^tot(Si)=0.00635, Y^i(Si)=0.000064
Y^tot(Ca)=0.00024, Y^i(Ca)=0.000023
Y^tot(Ti)=0.00003, Y^i(Ti)=0.000001
Y^tot(Fe)=0.00179, Y^i(Fe)=0.000034
Y^tot(O)=0.01897, Y^i(O)=0.000002
Y^tot(ALH84001)=0.0321, Y^i_(ALH84001)=0.000524
Adirondack
Y^tot(Na)=0.00062, Y^i(Na)=0.000319
Y^tot(Mg)=0.00197, Y^i(Mg)=0.000164
Y^tot(Al)=0.00160, Y^i(Al)=0.000075
Y^tot(Si)=0.00561, Y^i(Si)=0.000056
Y^tot(Ca)=0.00107, Y^i(Ca)=0.000100
Y^tot(Ti)=0.00003, Y^i(Ti)=0.000001
Y^tot(Fe)=0.00197, Y^i(Fe)=0.000037
Y^tot(O)=0.01921, Y^i(O)=0.000002
Y^tot(Adirondack)=0.0321, Y^i_(Adirondack)=0.000755
Mazatzal
Y^tot(Na)=0.00069, Y^i(Na)=0.000353
Y^tot(Mg)=0.00177, Y^i(Mg)=0.000148
Y^tot(Al)=0.00159, Y^i(Al)=0.000074
Y^tot(Si)=0.00560, Y^i(Si)=0.000056
Y^tot(Ca)=0.00110, Y^i(Ca)=0.000103
Y^tot(Ti)=0.00007, Y^i(Ti)=0.000003
Y^tot(Fe)=0.00199, Y^i(Fe)=0.000038
Y^tot(O)=0.01927, Y^i(O)=0.000002
Y^tot(Mazatzal)=0.0321, Y^i_(Mazatzal)=0.000776
Chassigny
Y^tot(Na)=0.00004, Y^i(Na)=0.000018
Y^tot(Mg)=0.00610, Y^i(Mg)=0.000509
Y^tot(Al)=0.00014, Y^i(Al)=0.000006
Y^tot(Si)=0.00483, Y^i(Si)=0.000048
Y^tot(Ca)=0.00011, Y^i(Ca)=0.000010
Y^tot(Ti)=0.00000, Y^i(Ti)=0.000000
Y^tot(Fe)=0.00302, Y^i(Fe)=0.000057
Y^tot(O)=0.01799, Y^i(O)=0.000002
Y^tot(Chassigny)=0.0322, Y^i_(Chassigny)=0.000651
ALHA77005
Y^tot(Na)=0.00011, Y^i(Na)=0.000055
Y^tot(Mg)=0.00536, Y^i(Mg)=0.000447
Y^tot(Al)=0.00045, Y^i(Al)=0.000021
Y^tot(Si)=0.00539, Y^i(Si)=0.000054
Y^tot(Ca)=0.00047, Y^i(Ca)=0.000043
Y^tot(Ti)=0.00003, Y^i(Ti)=0.000001
Y^tot(Fe)=0.00218, Y^i(Fe)=0.000041
Y^tot(O)=0.01882, Y^i(O)=0.000002
Y^tot(ALHA77005)=0.0328, Y^i_(ALHA77005)=0.000665
HumphreyB
Y^tot(Na)=0.00066, Y^i(Na)=0.000336
Y^tot(Mg)=0.00190, Y^i(Mg)=0.000158
Y^tot(Al)=0.00159, Y^i(Al)=0.000074
Y^tot(Si)=0.00562, Y^i(Si)=0.000056
Y^tot(Ca)=0.00110, Y^i(Ca)=0.000103
Y^tot(Ti)=0.00007, Y^i(Ti)=0.000003
Y^tot(Fe)=0.00196, Y^i(Fe)=0.000037
Y^tot(O)=0.01906, Y^i(O)=0.000002
Y^tot(HumphreyB)=0.0320, Y^i_(HumphreyB)=0.000769
HumphreyA
Y^tot(Na)=0.00069, Y^i(Na)=0.000354
Y^tot(Mg)=0.00171, Y^i(Mg)=0.000142
Y^tot(Al)=0.00159, Y^i(Al)=0.000074
Y^tot(Si)=0.00566, Y^i(Si)=0.000057
Y^tot(Ca)=0.00114, Y^i(Ca)=0.000106
Y^tot(Ti)=0.00007, Y^i(Ti)=0.000003
Y^tot(Fe)=0.00196, Y^i(Fe)=0.000037
Y^tot(O)=0.01928, Y^i(O)=0.000002
Y^tot(HumphreyA)=0.0321, Y^i_(HumphreyA)=0.000775
Class Averages
Mg 0.000236696478545 0.000131090741048
Al 4.51711080955e-05 2.76898036204e-05
Si 5.74253681818e-05 4.06026180729e-06
Ca 8.77457444136e-05 4.69733005685e-05
Fe 3.81372556636e-05 5.89516483719e-06
Urelites
ALH84136
Y^tot(C_g)=0.00157, Y^i(C_g)=0.000000
Y^tot(Na)=0.00002, Y^i(Na)=0.000008
Y^tot(Mg)=0.00733, Y^i(Mg)=0.000612
Y^tot(Al)=0.00004, Y^i(Al)=0.000002
Y^tot(Si)=0.00553, Y^i(Si)=0.000055
Y^tot(S)=0.00006, Y^i(S)=0.000000
Y^tot(Ca)=0.00032, Y^i(Ca)=0.000030
Y^tot(Mn)=0.00004, Y^i(Mn)=0.000003
Y^tot(Fe)=0.00081, Y^i(Fe)=0.000015
Y^tot(Ni)=0.00001, Y^i(Ni)=0.000000
Y^tot(O)=0.01842, Y^i(O)=0.000002
Y^tot(ALH84136)=0.0341, Y^i_(ALH84136)=0.000727
NorthHaigPoly
Y^tot(C_g)=0.00256, Y^i(C_g)=0.000000
Y^tot(Na)=0.00002, Y^i(Na)=0.000011
Y^tot(Mg)=0.00617, Y^i(Mg)=0.000515
Y^tot(Al)=0.00003, Y^i(Al)=0.000001
Y^tot(Si)=0.00440, Y^i(Si)=0.000044
Y^tot(S)=0.00009, Y^i(S)=0.000000
Y^tot(Ca)=0.00017, Y^i(Ca)=0.000016
Y^tot(Mn)=0.00004, Y^i(Mn)=0.000003
Y^tot(Fe)=0.00179, Y^i(Fe)=0.000034
Y^tot(Ni)=0.00001, Y^i(Ni)=0.000000
Y^tot(O)=0.01719, Y^i(O)=0.000002
Y^tot(NorthHaigPoly)=0.0325, Y^i_(NorthHaigPoly)=0.000626
DingoPupDonga
Y^tot(C_g)=0.00196, Y^i(C_g)=0.000000
Y^tot(Na)=0.00001, Y^i(Na)=0.000007
Y^tot(Mg)=0.00547, Y^i(Mg)=0.000456
Y^tot(Al)=0.00005, Y^i(Al)=0.000002
Y^tot(Si)=0.00462, Y^i(Si)=0.000046
Y^tot(S)=0.00008, Y^i(S)=0.000000
Y^tot(Ca)=0.00019, Y^i(Ca)=0.000018
Y^tot(Mn)=0.00004, Y^i(Mn)=0.000003
Y^tot(Fe)=0.00207, Y^i(Fe)=0.000039
Y^tot(Ni)=0.00003, Y^i(Ni)=0.000001
Y^tot(O)=0.01784, Y^i(O)=0.000002
Y^tot(DingoPupDonga)=0.0324, Y^i_(DingoPupDonga)=0.000574
ALHA77257
Y^tot(C_g)=0.00211, Y^i(C_g)=0.000000
Y^tot(Na)=0.00001, Y^i(Na)=0.000004
Y^tot(Mg)=0.00719, Y^i(Mg)=0.000600
Y^tot(Al)=0.00000, Y^i(Al)=0.000000
Y^tot(Si)=0.00499, Y^i(Si)=0.000050
Y^tot(S)=0.00000, Y^i(S)=0.000000
Y^tot(Ca)=0.00015, Y^i(Ca)=0.000014
Y^tot(Mn)=0.00004, Y^i(Mn)=0.000003
Y^tot(Fe)=0.00140, Y^i(Fe)=0.000027
Y^tot(Ni)=0.00001, Y^i(Ni)=0.000000
Y^tot(O)=0.01742, Y^i(O)=0.000002
Y^tot(ALHA77257)=0.0333, Y^i_(ALHA77257)=0.000699
Class Averages
Mg 0.0005348356515 6.2659958983e-05
Al 1.24772245e-06 7.34277202448e-07
Si 4.8221125e-05 4.25419020988e-06
Ca 1.7792474125e-05 5.6989164226e-06
Fe 2.77375374375e-05 8.64336771581e-06
OCsECs
EL
Y^tot(C_g)=0.00019, Y^i(C_g)=0.000000
Y^tot(Na)=0.00023, Y^i(Na)=0.000117
Y^tot(Mg)=0.00450, Y^i(Mg)=0.000375
Y^tot(Al)=0.00032, Y^i(Al)=0.000015
Y^tot(Si)=0.00500, Y^i(Si)=0.000050
Y^tot(S)=0.00060, Y^i(S)=0.000000
Y^tot(Ca)=0.00025, Y^i(Ca)=0.000023
Y^tot(Fe)=0.00312, Y^i(Fe)=0.000059
Y^tot(Ni)=0.00017, Y^i(Ni)=0.000005
Y^tot(O)=0.01543, Y^i(O)=0.000002
Y^tot(EL)=0.0298, Y^i_(EL)=0.000646
EH
Y^tot(C_g)=0.00017, Y^i(C_g)=0.000000
Y^tot(Na)=0.00022, Y^i(Na)=0.000113
Y^tot(Mg)=0.00409, Y^i(Mg)=0.000341
Y^tot(Al)=0.00029, Y^i(Al)=0.000013
Y^tot(Si)=0.00459, Y^i(Si)=0.000046
Y^tot(S)=0.00074, Y^i(S)=0.000000
Y^tot(Ca)=0.00023, Y^i(Ca)=0.000021
Y^tot(Fe)=0.00392, Y^i(Fe)=0.000074
Y^tot(Ni)=0.00024, Y^i(Ni)=0.000007
Y^tot(O)=0.01445, Y^i(O)=0.000001
Y^tot(EH)=0.0289, Y^i_(EH)=0.000617
H
Y^tot(C_g)=0.00014, Y^i(C_g)=0.000000
Y^tot(Na)=0.00021, Y^i(Na)=0.000106
Y^tot(Mg)=0.00429, Y^i(Mg)=0.000358
Y^tot(Al)=0.00030, Y^i(Al)=0.000014
Y^tot(Si)=0.00453, Y^i(Si)=0.000045
Y^tot(S)=0.00049, Y^i(S)=0.000000
Y^tot(Ca)=0.00024, Y^i(Ca)=0.000022
Y^tot(Fe)=0.00372, Y^i(Fe)=0.000070
Y^tot(Ni)=0.00023, Y^i(Ni)=0.000007
Y^tot(O)=0.01509, Y^i(O)=0.000002
Y^tot(H)=0.0292, Y^i_(H)=0.000625
LL
Y^tot(C_g)=0.00020, Y^i(C_g)=0.000000
Y^tot(Na)=0.00023, Y^i(Na)=0.000119
Y^tot(Mg)=0.00463, Y^i(Mg)=0.000386
Y^tot(Al)=0.00033, Y^i(Al)=0.000015
Y^tot(Si)=0.00497, Y^i(Si)=0.000050
Y^tot(S)=0.00051, Y^i(S)=0.000000
Y^tot(Ca)=0.00026, Y^i(Ca)=0.000024
Y^tot(Fe)=0.00268, Y^i(Fe)=0.000051
Y^tot(Ni)=0.00014, Y^i(Ni)=0.000004
Y^tot(O)=0.01717, Y^i(O)=0.000002
Y^tot(LL)=0.0311, Y^i_(LL)=0.000651
L
Y^tot(C_g)=0.00016, Y^i(C_g)=0.000000
Y^tot(Na)=0.00023, Y^i(Na)=0.000120
Y^tot(Mg)=0.00453, Y^i(Mg)=0.000378
Y^tot(Al)=0.00033, Y^i(Al)=0.000015
Y^tot(Si)=0.00492, Y^i(Si)=0.000049
Y^tot(S)=0.00054, Y^i(S)=0.000000
Y^tot(Ca)=0.00026, Y^i(Ca)=0.000024
Y^tot(Fe)=0.00297, Y^i(Fe)=0.000056
Y^tot(Ni)=0.00016, Y^i(Ni)=0.000005
Y^tot(O)=0.01604, Y^i(O)=0.000002
Y^tot(L)=0.0301, Y^i_(L)=0.000649
R
Y^tot(C_g)=0.00004, Y^i(C_g)=0.000000
Y^tot(Na)=0.00023, Y^i(Na)=0.000116
Y^tot(Mg)=0.00394, Y^i(Mg)=0.000329
Y^tot(Al)=0.00030, Y^i(Al)=0.000014
Y^tot(Si)=0.00480, Y^i(Si)=0.000048
Y^tot(S)=0.00100, Y^i(S)=0.000000
Y^tot(Ca)=0.00018, Y^i(Ca)=0.000017
Y^tot(Fe)=0.00335, Y^i(Fe)=0.000063
Y^tot(Ni)=0.00019, Y^i(Ni)=0.000006
Y^tot(O)=0.01511, Y^i(O)=0.000002
Y^tot(R)=0.0291, Y^i_(R)=0.000594
Class Averages
Mg 0.0003566614205 1.92121873684e-05
Al 1.39415346417e-05 6.43330918155e-07
Si 4.6762425e-05 1.98343437307e-06
Ca 2.00030789e-05 2.07635595996e-06
Fe 5.9191349375e-05 7.72586561352e-06
CCs
CK
Y^tot(C_g)=0.00015, Y^i(C_g)=0.000000
Y^tot(Na)=0.00011, Y^i(Na)=0.000056
Y^tot(Mg)=0.00462, Y^i(Mg)=0.000385
Y^tot(Al)=0.00043, Y^i(Al)=0.000020
Y^tot(Si)=0.00432, Y^i(Si)=0.000043
Y^tot(S)=0.00043, Y^i(S)=0.000000
Y^tot(Ca)=0.00034, Y^i(Ca)=0.000032
Y^tot(Mn)=0.00002, Y^i(Mn)=0.000001
Y^tot(Fe)=0.00324, Y^i(Fe)=0.000061
Y^tot(Ni)=0.00023, Y^i(Ni)=0.000007
Y^tot(O)=0.01745, Y^i(O)=0.000002
Y^tot(CK)=0.0313, Y^i_(CK)=0.000608
CI
Y^tot(C_g)=0.00239, Y^i(C_g)=0.000000
Y^tot(Na)=0.00018, Y^i(Na)=0.000094
Y^tot(Mg)=0.00314, Y^i(Mg)=0.000262
Y^tot(Al)=0.00026, Y^i(Al)=0.000012
Y^tot(Si)=0.00300, Y^i(Si)=0.000030
Y^tot(S)=0.00141, Y^i(S)=0.000000
Y^tot(Ca)=0.00020, Y^i(Ca)=0.000018
Y^tot(Mn)=0.00003, Y^i(Mn)=0.000002
Y^tot(Fe)=0.00264, Y^i(Fe)=0.000050
Y^tot(Ni)=0.00020, Y^i(Ni)=0.000006
Y^tot(O)=0.02336, Y^i(O)=0.000002
Y^tot(CI)=0.0368, Y^i_(CI)=0.000478
CH
Y^tot(C_g)=0.00053, Y^i(C_g)=0.000000
Y^tot(Na)=0.00006, Y^i(Na)=0.000033
Y^tot(Mg)=0.00356, Y^i(Mg)=0.000297
Y^tot(Al)=0.00031, Y^i(Al)=0.000014
Y^tot(Si)=0.00372, Y^i(Si)=0.000037
Y^tot(S)=0.00009, Y^i(S)=0.000000
Y^tot(Ca)=0.00027, Y^i(Ca)=0.000025
Y^tot(Mn)=0.00002, Y^i(Mn)=0.000001
Y^tot(Fe)=0.00540, Y^i(Fe)=0.000102
Y^tot(Ni)=0.00040, Y^i(Ni)=0.000012
Y^tot(O)=0.01321, Y^i(O)=0.000001
Y^tot(CH)=0.0276, Y^i_(CH)=0.000523
CO
Y^tot(C_g)=0.00029, Y^i(C_g)=0.000000
Y^tot(Na)=0.00015, Y^i(Na)=0.000075
Y^tot(Mg)=0.00448, Y^i(Mg)=0.000373
Y^tot(Al)=0.00040, Y^i(Al)=0.000019
Y^tot(Si)=0.00425, Y^i(Si)=0.000043
Y^tot(S)=0.00054, Y^i(S)=0.000000
Y^tot(Ca)=0.00031, Y^i(Ca)=0.000029
Y^tot(Mn)=0.00002, Y^i(Mn)=0.000002
Y^tot(Fe)=0.00347, Y^i(Fe)=0.000066
Y^tot(Ni)=0.00024, Y^i(Ni)=0.000007
Y^tot(O)=0.01589, Y^i(O)=0.000002
Y^tot(CO)=0.0300, Y^i_(CO)=0.000615
CM
Y^tot(C_g)=0.00150, Y^i(C_g)=0.000000
Y^tot(Na)=0.00014, Y^i(Na)=0.000073
Y^tot(Mg)=0.00367, Y^i(Mg)=0.000306
Y^tot(Al)=0.00033, Y^i(Al)=0.000016
Y^tot(Si)=0.00352, Y^i(Si)=0.000035
Y^tot(S)=0.00069, Y^i(S)=0.000000
Y^tot(Ca)=0.00027, Y^i(Ca)=0.000025
Y^tot(Mn)=0.00003, Y^i(Mn)=0.000002
Y^tot(Fe)=0.00304, Y^i(Fe)=0.000058
Y^tot(Ni)=0.00022, Y^i(Ni)=0.000006
Y^tot(O)=0.02065, Y^i(O)=0.000002
Y^tot(CM)=0.0341, Y^i_(CM)=0.000522
CR
Y^tot(C_g)=0.00130, Y^i(C_g)=0.000000
Y^tot(Na)=0.00011, Y^i(Na)=0.000057
Y^tot(Mg)=0.00416, Y^i(Mg)=0.000347
Y^tot(Al)=0.00032, Y^i(Al)=0.000015
Y^tot(Si)=0.00396, Y^i(Si)=0.000040
Y^tot(S)=0.00046, Y^i(S)=0.000000
Y^tot(Ca)=0.00025, Y^i(Ca)=0.000023
Y^tot(Mn)=0.00002, Y^i(Mn)=0.000002
Y^tot(Fe)=0.00323, Y^i(Fe)=0.000061
Y^tot(Ni)=0.00022, Y^i(Ni)=0.000006
Y^tot(O)=0.01648, Y^i(O)=0.000002
Y^tot(CR)=0.0305, Y^i_(CR)=0.000553
CV
Y^tot(C_g)=0.00035, Y^i(C_g)=0.000000
Y^tot(Na)=0.00012, Y^i(Na)=0.000062
Y^tot(Mg)=0.00448, Y^i(Mg)=0.000374
Y^tot(Al)=0.00049, Y^i(Al)=0.000023
Y^tot(Si)=0.00428, Y^i(Si)=0.000043
Y^tot(S)=0.00055, Y^i(S)=0.000000
Y^tot(Ca)=0.00037, Y^i(Ca)=0.000035
Y^tot(Mn)=0.00002, Y^i(Mn)=0.000002
Y^tot(Fe)=0.00330, Y^i(Fe)=0.000062
Y^tot(Ni)=0.00023, Y^i(Ni)=0.000007
Y^tot(O)=0.01616, Y^i(O)=0.000002
Y^tot(CV)=0.0304, Y^i_(CV)=0.000608
Class Averages
Mg 0.000332959488 3.98256915719e-05
Al 1.63639687714e-05 3.3483650472e-06
Si 3.82706285714e-05 4.05695592425e-06
Ca 2.49526044929e-05 4.88215617351e-06
Fe 6.32019019929e-05 1.40269604723e-05
Enter 0 to end: 